[I 19:00:40.825 NotebookApp] The port 8888 is already in use, trying another port.
[I 19:00:40.830 NotebookApp] Serving notebooks from local directory: /home/mzouink/Desktop/Image-Captioning-PyTorch-0.4
[I 19:00:40.830 NotebookApp] The Jupyter Notebook is running at:
[I 19:00:40.830 NotebookApp] http://localhost:8889/?token=8cdfe44b9aa0b6b9bf6ad52040bd7c8fbdb93bfbb071a6fa
[I 19:00:40.830 NotebookApp] Use Control-C to stop this server and shut down all kernels (twice to skip confirmation).
[W 19:00:40.833 NotebookApp] No web browser found: could not locate runnable browser.
[C 19:00:40.833 NotebookApp] 
    
    To access the notebook, open this file in a browser:
        file:///run/user/1000/jupyter/nbserver-7328-open.html
    Or copy and paste one of these URLs:
   [I 19:01:02.111 NotebookApp] Kernel started: afa20cf5-3f71-4ed1-9141-28d988302cda
[I 19:01:02.122 NotebookApp] 302 GET /notebooks/images/coco-examples.jpg (127.0.0.1) 5.56ms
[I 19:01:02.123 NotebookApp] 302 GET /notebooks/images/encoder-decoder.png (127.0.0.1) 5.53ms
[I 19:01:03.313 NotebookApp] Adapting to protocol v5.1 for kernel afa20cf5-3f71-4ed1-9141-28d988302cda
[I 19:01:04.841 NotebookApp] Starting buffering for afa20cf5-3f71-4ed1-9141-28d988302cda:a6233a45aa7e4c4bace88d33418ab0d9
[I 19:03:20.493 NotebookApp] Adapting to protocol v5.1 for kernel afa20cf5-3f71-4ed1-9141-28d988302cda
[I 19:03:20.494 NotebookApp] Restoring connection for afa20cf5-3f71-4ed1-9141-28d988302cda:a6233a45aa7e4c4bace88d33418ab0d9
[I 19:04:46.576 NotebookApp] Starting buffering for afa20cf5-3f71-4ed1-9141-28d988302cda:a6233a45aa7e4c4bace88d33418ab0d9
[I 19:04:55.781 NotebookApp] Adapting to protocol v5.1 for kernel afa20cf5-3f71-4ed1-9141-28d988302cda
[I 19:04:55.782 NotebookApp] Restoring connection for afa20cf5-3f71-4ed1-9141-28d988302cda:a6233a45aa7e4c4bace88d33418ab0d9
[I 19:16:29.955 NotebookApp] 302 GET /notebooks/images/coco-examples.jpg (127.0.0.1) 2.27ms
[I 19:16:29.958 NotebookApp] 302 GET /notebooks/images/encoder-decoder.png (127.0.0.1) 1.68ms
[I 19:16:30.199 NotebookApp] Adapting to protocol v5.1 for kernel afa20cf5-3f71-4ed1-9141-28d988302cda
[I 19:16:33.016 NotebookApp] Kernel started: 00c651a5-8fe9-48fd-84ef-c958260cda78
[I 19:16:33.024 NotebookApp] 302 GET /notebooks/images/decoder.png (127.0.0.1) 2.74ms
[I 19:16:33.024 NotebookApp] 302 GET /notebooks/images/encoder.png (127.0.0.1) 2.50ms
[I 19:16:34.286 NotebookApp] Adapting to protocol v5.1 for kernel 00c651a5-8fe9-48fd-84ef-c958260cda78
[I 19:17:45.621 NotebookApp] Starting buffering for afa20cf5-3f71-4ed1-9141-28d988302cda:2814949d5a224ff9af2a0b4d973c77e0
[I 19:17:45.623 NotebookApp] Starting buffering for 00c651a5-8fe9-48fd-84ef-c958260cda78:47a4f9a657c74f748ecab5c446e7f485
[I 19:19:58.883 NotebookApp] Adapting to protocol v5.1 for kernel 00c651a5-8fe9-48fd-84ef-c958260cda78
[I 19:19:58.884 NotebookApp] Restoring connection for 00c651a5-8fe9-48fd-84ef-c958260cda78:47a4f9a657c74f748ecab5c446e7f485
[I 19:19:58.916 NotebookApp] Adapting to protocol v5.1 for kernel afa20cf5-3f71-4ed1-9141-28d988302cda
[I 19:19:58.919 NotebookApp] Restoring connection for afa20cf5-3f71-4ed1-9141-28d988302cda:2814949d5a224ff9af2a0b4d973c77e0
[I 19:20:18.971 NotebookApp] Starting buffering for afa20cf5-3f71-4ed1-9141-28d988302cda:2814949d5a224ff9af2a0b4d973c77e0
[I 19:20:33.088 NotebookApp] Saving file at /1_Preliminaries.ipynb
[I 19:22:33.846 NotebookApp] Saving file at /1_Preliminaries.ipynb
[I 19:24:33.853 NotebookApp] Saving file at /1_Preliminaries.ipynb
[W 19:31:28.887 NotebookApp] WebSocket ping timeout after 119991 ms.
[I 19:31:33.890 NotebookApp] Starting buffering for 00c651a5-8fe9-48fd-84ef-c958260cda78:47a4f9a657c74f748ecab5c446e7f485
[I 19:32:23.970 NotebookApp] Adapting to protocol v5.1 for kernel 00c651a5-8fe9-48fd-84ef-c958260cda78
[I 19:32:23.971 NotebookApp] Restoring connection for 00c651a5-8fe9-48fd-84ef-c958260cda78:47a4f9a657c74f748ecab5c446e7f485
[I 22:36:33.086 NotebookApp] Saving file at /1_Preliminaries.ipynb
[I 22:38:34.083 NotebookApp] Saving file at /1_Preliminaries.ipynb
[I 22:42:34.094 NotebookApp] Saving file at /1_Preliminaries.ipynb
[W 22:51:10.621 NotebookApp] Notebook 2_Training.ipynb is not trusted
[I 22:51:11.210 NotebookApp] Kernel started: 319e0c04-5a77-4840-9b1b-877e87145ec6
[I 22:51:12.383 NotebookApp] Adapting to protocol v5.1 for kernel 319e0c04-5a77-4840-9b1b-877e87145ec6
[I 22:52:34.429 NotebookApp] Saving file at /1_Preliminaries.ipynb
[I 22:53:11.240 NotebookApp] Saving file at /2_Training.ipynb
[I 22:55:11.249 NotebookApp] Saving file at /2_Training.ipynb
[I 22:57:11.984 NotebookApp] Saving file at /2_Training.ipynb
[I 22:59:11.835 NotebookApp] Saving file at /2_Training.ipynb
[I 23:01:11.840 NotebookApp] Saving file at /2_Training.ipynb
[I 23:02:45.919 NotebookApp] Saving file at /2_Training.ipynb
[I 23:03:11.984 NotebookApp] Saving file at /2_Training.ipynb
[I 23:05:11.969 NotebookApp] Saving file at /2_Training.ipynb
[I 23:07:11.872 NotebookApp] Saving file at /2_Training.ipynb
[I 23:09:11.876 NotebookApp] Saving file at /2_Training.ipynb
[I 23:11:12.064 NotebookApp] Saving file at /2_Training.ipynb
[I 23:13:11.985 NotebookApp] Saving file at /2_Training.ipynb
[I 23:15:11.896 NotebookApp] Saving file at /2_Training.ipynb
[I 23:17:11.907 NotebookApp] Saving file at /2_Training.ipynb
[I 23:19:11.849 NotebookApp] Saving file at /2_Training.ipynb
[I 23:21:12.015 NotebookApp] Saving file at /2_Training.ipynb
[I 23:23:11.920 NotebookApp] Saving file at /2_Training.ipynb
[I 23:25:11.850 NotebookApp] Saving file at /2_Training.ipynb
[I 23:27:11.969 NotebookApp] Saving file at /2_Training.ipynb
[I 23:29:11.897 NotebookApp] Saving file at /2_Training.ipynb
[I 23:31:11.910 NotebookApp] Saving file at /2_Training.ipynb
[I 23:33:11.878 NotebookApp] Saving file at /2_Training.ipynb
[I 23:35:11.932 NotebookApp] Saving file at /2_Training.ipynb
[I 23:37:11.868 NotebookApp] Saving file at /2_Training.ipynb
[I 23:39:12.030 NotebookApp] Saving file at /2_Training.ipynb
[I 23:41:11.861 NotebookApp] Saving file at /2_Training.ipynb
[I 23:43:11.866 NotebookApp] Saving file at /2_Training.ipynb
[I 23:45:11.977 NotebookApp] Saving file at /2_Training.ipynb
[I 23:47:11.931 NotebookApp] Saving file at /2_Training.ipynb
[I 23:49:11.989 NotebookApp] Saving file at /2_Training.ipynb
[I 23:51:11.846 NotebookApp] Saving file at /2_Training.ipynb
[I 23:53:11.943 NotebookApp] Saving file at /2_Training.ipynb
[I 23:55:11.943 NotebookApp] Saving file at /2_Training.ipynb
[I 23:57:11.896 NotebookApp] Saving file at /2_Training.ipynb
[I 23:59:11.903 NotebookApp] Saving file at /2_Training.ipynb
[I 00:01:11.827 NotebookApp] Saving file at /2_Training.ipynb
[I 00:03:11.854 NotebookApp] Saving file at /2_Training.ipynb
[I 00:05:11.931 NotebookApp] Saving file at /2_Training.ipynb
[I 00:07:11.972 NotebookApp] Saving file at /2_Training.ipynb
[I 00:09:11.903 NotebookApp] Saving file at /2_Training.ipynb
[I 00:11:11.844 NotebookApp] Saving file at /2_Training.ipynb
[I 00:13:11.835 NotebookApp] Saving file at /2_Training.ipynb
[I 00:15:11.833 NotebookApp] Saving file at /2_Training.ipynb
[I 00:17:11.877 NotebookApp] Saving file at /2_Training.ipynb
[I 00:19:11.840 NotebookApp] Saving file at /2_Training.ipynb
[I 00:21:11.857 NotebookApp] Saving file at /2_Training.ipynb
[I 00:23:11.972 NotebookApp] Saving file at /2_Training.ipynb
[I 00:25:11.907 NotebookApp] Saving file at /2_Training.ipynb
[I 00:27:11.966 NotebookApp] Saving file at /2_Training.ipynb
[I 00:29:11.876 NotebookApp] Saving file at /2_Training.ipynb
[I 00:31:11.851 NotebookApp] Saving file at /2_Training.ipynb
[I 00:33:11.838 NotebookApp] Saving file at /2_Training.ipynb
[I 00:35:11.906 NotebookApp] Saving file at /2_Training.ipynb
[I 00:37:11.879 NotebookApp] Saving file at /2_Training.ipynb
[I 00:39:11.910 NotebookApp] Saving file at /2_Training.ipynb
[I 00:41:11.948 NotebookApp] Saving file at /2_Training.ipynb
[I 00:43:11.936 NotebookApp] Saving file at /2_Training.ipynb
[I 00:45:11.843 NotebookApp] Saving file at /2_Training.ipynb
[I 00:47:11.863 NotebookApp] Saving file at /2_Training.ipynb
[I 00:49:11.947 NotebookApp] Saving file at /2_Training.ipynb
[I 00:51:11.911 NotebookApp] Saving file at /2_Training.ipynb
[I 00:53:11.878 NotebookApp] Saving file at /2_Training.ipynb
[I 00:55:11.968 NotebookApp] Saving file at /2_Training.ipynb
[I 00:57:11.887 NotebookApp] Saving file at /2_Training.ipynb
[I 00:59:11.855 NotebookApp] Saving file at /2_Training.ipynb
[I 01:01:11.246 NotebookApp] Saving file at /2_Training.ipynb
[I 01:01:17.180 NotebookApp] Starting buffering for 00c651a5-8fe9-48fd-84ef-c958260cda78:47a4f9a657c74f748ecab5c446e7f485
[I 01:03:11.884 NotebookApp] Saving file at /2_Training.ipynb
[I 01:05:11.854 NotebookApp] Saving file at /2_Training.ipynb
[I 01:07:11.928 NotebookApp] Saving file at /2_Training.ipynb
[I 01:09:11.845 NotebookApp] Saving file at /2_Training.ipynb
[I 01:11:11.949 NotebookApp] Saving file at /2_Training.ipynb
[I 01:13:11.914 NotebookApp] Saving file at /2_Training.ipynb
[I 01:15:11.890 NotebookApp] Saving file at /2_Training.ipynb
[I 01:17:11.985 NotebookApp] Saving file at /2_Training.ipynb
[I 01:19:12.024 NotebookApp] Saving file at /2_Training.ipynb
[I 01:21:11.884 NotebookApp] Saving file at /2_Training.ipynb
[I 01:23:11.961 NotebookApp] Saving file at /2_Training.ipynb
[I 01:25:11.995 NotebookApp] Saving file at /2_Training.ipynb
[I 01:27:11.983 NotebookApp] Saving file at /2_Training.ipynb
[I 01:29:11.945 NotebookApp] Saving file at /2_Training.ipynb
[I 01:31:11.988 NotebookApp] Saving file at /2_Training.ipynb
[I 01:33:11.923 NotebookApp] Saving file at /2_Training.ipynb
[I 01:35:11.933 NotebookApp] Saving file at /2_Training.ipynb
[I 01:37:11.852 NotebookApp] Saving file at /2_Training.ipynb
[I 01:39:11.922 NotebookApp] Saving file at /2_Training.ipynb
[I 01:41:12.019 NotebookApp] Saving file at /2_Training.ipynb
[I 01:43:11.869 NotebookApp] Saving file at /2_Training.ipynb
[I 01:45:11.924 NotebookApp] Saving file at /2_Training.ipynb
[I 01:47:11.855 NotebookApp] Saving file at /2_Training.ipynb
[I 01:49:11.893 NotebookApp] Saving file at /2_Training.ipynb
[I 01:51:11.973 NotebookApp] Saving file at /2_Training.ipynb
[I 01:53:11.979 NotebookApp] Saving file at /2_Training.ipynb
[I 01:55:11.867 NotebookApp] Saving file at /2_Training.ipynb
[I 01:57:11.997 NotebookApp] Saving file at /2_Training.ipynb
[I 01:59:11.985 NotebookApp] Saving file at /2_Training.ipynb
[I 02:01:11.975 NotebookApp] Saving file at /2_Training.ipynb
[I 02:03:11.963 NotebookApp] Saving file at /2_Training.ipynb
[I 02:05:11.897 NotebookApp] Saving file at /2_Training.ipynb
[I 02:07:11.982 NotebookApp] Saving file at /2_Training.ipynb
[I 02:09:12.020 NotebookApp] Saving file at /2_Training.ipynb
[I 02:11:12.006 NotebookApp] Saving file at /2_Training.ipynb
[I 02:13:11.921 NotebookApp] Saving file at /2_Training.ipynb
[I 02:15:11.868 NotebookApp] Saving file at /2_Training.ipynb
[I 02:17:11.998 NotebookApp] Saving file at /2_Training.ipynb
[I 02:19:11.941 NotebookApp] Saving file at /2_Training.ipynb
[I 02:21:11.935 NotebookApp] Saving file at /2_Training.ipynb
[I 02:23:12.002 NotebookApp] Saving file at /2_Training.ipynb
[I 02:25:11.981 NotebookApp] Saving file at /2_Training.ipynb
[I 02:27:11.927 NotebookApp] Saving file at /2_Training.ipynb
[I 02:29:11.980 NotebookApp] Saving file at /2_Training.ipynb
[I 02:31:11.941 NotebookApp] Saving file at /2_Training.ipynb
[I 02:33:12.009 NotebookApp] Saving file at /2_Training.ipynb
[I 02:35:11.887 NotebookApp] Saving file at /2_Training.ipynb
[I 02:37:11.875 NotebookApp] Saving file at /2_Training.ipynb
[I 02:39:11.886 NotebookApp] Saving file at /2_Training.ipynb
[I 02:41:11.956 NotebookApp] Saving file at /2_Training.ipynb
[I 02:43:11.876 NotebookApp] Saving file at /2_Training.ipynb
[I 02:45:11.873 NotebookApp] Saving file at /2_Training.ipynb
[I 02:47:11.852 NotebookApp] Saving file at /2_Training.ipynb
[I 02:49:11.855 NotebookApp] Saving file at /2_Training.ipynb
[I 02:51:11.881 NotebookApp] Saving file at /2_Training.ipynb
[I 02:53:11.978 NotebookApp] Saving file at /2_Training.ipynb
[I 02:55:11.903 NotebookApp] Saving file at /2_Training.ipynb
[I 02:57:11.852 NotebookApp] Saving file at /2_Training.ipynb
[I 02:59:11.993 NotebookApp] Saving file at /2_Training.ipynb
[I 03:01:11.940 NotebookApp] Saving file at /2_Training.ipynb
[I 03:03:11.873 NotebookApp] Saving file at /2_Training.ipynb
[I 03:05:11.931 NotebookApp] Saving file at /2_Training.ipynb
[I 03:07:11.972 NotebookApp] Saving file at /2_Training.ipynb
[I 03:09:11.952 NotebookApp] Saving file at /2_Training.ipynb
[I 03:11:11.941 NotebookApp] Saving file at /2_Training.ipynb
[I 03:13:11.943 NotebookApp] Saving file at /2_Training.ipynb
[I 03:15:11.984 NotebookApp] Saving file at /2_Training.ipynb
[I 03:17:11.849 NotebookApp] Saving file at /2_Training.ipynb
[I 03:19:11.970 NotebookApp] Saving file at /2_Training.ipynb
[I 03:21:11.922 NotebookApp] Saving file at /2_Training.ipynb
[I 03:23:12.012 NotebookApp] Saving file at /2_Training.ipynb
[I 03:25:11.978 NotebookApp] Saving file at /2_Training.ipynb
[I 03:27:11.855 NotebookApp] Saving file at /2_Training.ipynb
[I 03:29:11.876 NotebookApp] Saving file at /2_Training.ipynb
[I 03:31:11.944 NotebookApp] Saving file at /2_Training.ipynb
[I 03:33:11.986 NotebookApp] Saving file at /2_Training.ipynb
[I 03:35:11.854 NotebookApp] Saving file at /2_Training.ipynb
[I 03:37:11.999 NotebookApp] Saving file at /2_Training.ipynb
[I 03:39:11.943 NotebookApp] Saving file at /2_Training.ipynb
[I 03:41:11.874 NotebookApp] Saving file at /2_Training.ipynb
[I 03:43:11.939 NotebookApp] Saving file at /2_Training.ipynb
[I 03:45:11.946 NotebookApp] Saving file at /2_Training.ipynb
[I 03:47:11.907 NotebookApp] Saving file at /2_Training.ipynb
[I 03:49:12.005 NotebookApp] Saving file at /2_Training.ipynb
[I 03:51:11.875 NotebookApp] Saving file at /2_Training.ipynb
[I 03:53:11.864 NotebookApp] Saving file at /2_Training.ipynb
[I 03:55:11.884 NotebookApp] Saving file at /2_Training.ipynb
[I 03:57:11.969 NotebookApp] Saving file at /2_Training.ipynb
[I 03:59:11.989 NotebookApp] Saving file at /2_Training.ipynb
[I 04:01:11.944 NotebookApp] Saving file at /2_Training.ipynb
[I 04:03:11.897 NotebookApp] Saving file at /2_Training.ipynb
[I 04:05:11.939 NotebookApp] Saving file at /2_Training.ipynb
[I 04:07:12.136 NotebookApp] Saving file at /2_Training.ipynb
[I 04:09:11.985 NotebookApp] Saving file at /2_Training.ipynb
[I 04:11:11.870 NotebookApp] Saving file at /2_Training.ipynb
[I 04:13:12.027 NotebookApp] Saving file at /2_Training.ipynb
[I 04:15:11.978 NotebookApp] Saving file at /2_Training.ipynb
[I 04:17:11.863 NotebookApp] Saving file at /2_Training.ipynb
[I 04:19:12.026 NotebookApp] Saving file at /2_Training.ipynb
[I 04:21:12.010 NotebookApp] Saving file at /2_Training.ipynb
[I 04:23:11.994 NotebookApp] Saving file at /2_Training.ipynb
[I 04:25:11.927 NotebookApp] Saving file at /2_Training.ipynb
[I 04:27:11.979 NotebookApp] Saving file at /2_Training.ipynb
[I 04:29:11.936 NotebookApp] Saving file at /2_Training.ipynb
[I 04:31:11.903 NotebookApp] Saving file at /2_Training.ipynb
[I 04:33:11.880 NotebookApp] Saving file at /2_Training.ipynb
[I 04:35:11.882 NotebookApp] Saving file at /2_Training.ipynb
[I 04:37:12.058 NotebookApp] Saving file at /2_Training.ipynb
[I 04:39:11.982 NotebookApp] Saving file at /2_Training.ipynb
[I 04:41:11.986 NotebookApp] Saving file at /2_Training.ipynb
[W 04:44:12.386 NotebookApp] WebSocket ping timeout after 119990 ms.
[W 04:44:12.781 NotebookApp] zmq message arrived on closed channel
[W 04:44:13.314 NotebookApp] zmq message arrived on closed channel
[W 04:44:13.844 NotebookApp] zmq message arrived on closed channel
[W 04:44:14.367 NotebookApp] zmq message arrived on closed channel
[W 04:44:14.966 NotebookApp] zmq message arrived on closed channel
[W 04:44:15.565 NotebookApp] zmq message arrived on closed channel
[W 04:44:16.104 NotebookApp] zmq message arrived on closed channel
[W 04:44:16.672 NotebookApp] zmq message arrived on closed channel
[W 04:44:17.238 NotebookApp] zmq message arrived on closed channel
[I 04:44:17.388 NotebookApp] Starting buffering for 319e0c04-5a77-4840-9b1b-877e87145ec6:c7df9cd156de4925a0bfe20876417095
[I 14:26:32.695 NotebookApp] Adapting to protocol v5.1 for kernel 319e0c04-5a77-4840-9b1b-877e87145ec6
[I 14:26:32.697 NotebookApp] Discarding 65086 buffered messages for 319e0c04-5a77-4840-9b1b-877e87145ec6:c7df9cd156de4925a0bfe20876417095
[W 14:27:02.844 NotebookApp] Notebook 3_Inference.ipynb is not trusted
[I 14:27:03.521 NotebookApp] Kernel started: 9dcce674-2ecc-4cb0-bc20-ab144ea74731
[I 14:27:04.839 NotebookApp] Adapting to protocol v5.1 for kernel 9dcce674-2ecc-4cb0-bc20-ab144ea74731
[I 14:29:04.642 NotebookApp] Saving file at /3_Inference.ipynb
[W 14:29:04.644 NotebookApp] Notebook 3_Inference.ipynb is not trusted
[I 14:31:04.550 NotebookApp] Saving file at /3_Inference.ipynb
[I 14:59:55.558 NotebookApp] Adapting to protocol v5.1 for kernel 319e0c04-5a77-4840-9b1b-877e87145ec6
[W 15:14:55.561 NotebookApp] WebSocket ping timeout after 119992 ms.
[W 15:15:02.698 NotebookApp] WebSocket ping timeout after 119991 ms.
[W 15:15:04.844 NotebookApp] WebSocket ping timeout after 119991 ms.
[I 15:15:07.701 NotebookApp] Starting buffering for 319e0c04-5a77-4840-9b1b-877e87145ec6:8ca89bdfbae24f76a3f3cda8fd8c6232
[I 15:15:09.846 NotebookApp] Starting buffering for 9dcce674-2ecc-4cb0-bc20-ab144ea74731:857dcbd4077a408f883f951c7bbab62f
[I 15:25:43.683 NotebookApp] Adapting to protocol v5.1 for kernel 9dcce674-2ecc-4cb0-bc20-ab144ea74731
[I 15:25:48.227 NotebookApp] Adapting to protocol v5.1 for kernel 319e0c04-5a77-4840-9b1b-877e87145ec6
[W 16:04:13.687 NotebookApp] WebSocket ping timeout after 119977 ms.
[W 16:04:18.229 NotebookApp] WebSocket ping timeout after 119991 ms.
[I 16:04:18.690 NotebookApp] Starting buffering for 9dcce674-2ecc-4cb0-bc20-ab144ea74731:f63806e3659247c6ad2625cc3519f127
[I 16:04:23.230 NotebookApp] Starting buffering for 319e0c04-5a77-4840-9b1b-877e87145ec6:4e3066a4047646edb2f700f6b43fdb5d
[I 16:10:43.996 NotebookApp] Adapting to protocol v5.1 for kernel 9dcce674-2ecc-4cb0-bc20-ab144ea74731
[I 16:12:43.686 NotebookApp] Adapting to protocol v5.1 for kernel 319e0c04-5a77-4840-9b1b-877e87145ec6
[I 16:12:45.188 NotebookApp] Saving file at /3_Inference.ipynb
[I 16:14:43.706 NotebookApp] Saving file at /2_Training.ipynb
[I 16:14:45.343 NotebookApp] Saving file at /3_Inference.ipynb
[I 16:16:44.454 NotebookApp] Saving file at /2_Training.ipynb
[I 16:18:37.798 NotebookApp] Starting buffering for 319e0c04-5a77-4840-9b1b-877e87145ec6:4327656ecc2840ff87b0c3307443c551
[I 16:18:37.800 NotebookApp] Starting buffering for 9dcce674-2ecc-4cb0-bc20-ab144ea74731:f3b0451d247f4ac98b4dfb5bba793cfb
[I 16:18:42.431 NotebookApp] Adapting to protocol v5.1 for kernel 9dcce674-2ecc-4cb0-bc20-ab144ea74731
[I 16:18:42.432 NotebookApp] Restoring connection for 9dcce674-2ecc-4cb0-bc20-ab144ea74731:f3b0451d247f4ac98b4dfb5bba793cfb
[I 16:18:42.465 NotebookApp] Adapting to protocol v5.1 for kernel 319e0c04-5a77-4840-9b1b-877e87145ec6
[I 16:18:42.469 NotebookApp] Restoring connection for 319e0c04-5a77-4840-9b1b-877e87145ec6:4327656ecc2840ff87b0c3307443c551
[I 16:18:42.469 NotebookApp] Replaying 9 buffered messages
[I 16:18:43.683 NotebookApp] Saving file at /2_Training.ipynb
[I 16:20:44.375 NotebookApp] Saving file at /2_Training.ipynb
[I 16:22:44.422 NotebookApp] Saving file at /2_Training.ipynb
[I 16:24:44.412 NotebookApp] Saving file at /2_Training.ipynb
[I 16:26:44.418 NotebookApp] Saving file at /2_Training.ipynb
[I 16:28:44.439 NotebookApp] Saving file at /2_Training.ipynb
[I 16:30:44.527 NotebookApp] Saving file at /2_Training.ipynb
[I 16:32:44.493 NotebookApp] Saving file at /2_Training.ipynb
[I 16:34:44.514 NotebookApp] Saving file at /2_Training.ipynb
[I 16:36:44.392 NotebookApp] Saving file at /2_Training.ipynb
[I 16:38:44.536 NotebookApp] Saving file at /2_Training.ipynb
[I 16:40:44.509 NotebookApp] Saving file at /2_Training.ipynb
[I 16:42:44.536 NotebookApp] Saving file at /2_Training.ipynb
[I 16:44:44.438 NotebookApp] Saving file at /2_Training.ipynb
[I 16:46:44.376 NotebookApp] Saving file at /2_Training.ipynb
[I 16:48:44.432 NotebookApp] Saving file at /2_Training.ipynb
[I 16:50:44.441 NotebookApp] Saving file at /2_Training.ipynb
[I 16:52:44.488 NotebookApp] Saving file at /2_Training.ipynb
[I 16:54:44.488 NotebookApp] Saving file at /2_Training.ipynb
[I 16:56:44.588 NotebookApp] Saving file at /2_Training.ipynb
[I 16:58:44.411 NotebookApp] Saving file at /2_Training.ipynb
[I 17:00:44.515 NotebookApp] Saving file at /2_Training.ipynb
[I 17:02:44.513 NotebookApp] Saving file at /2_Training.ipynb
[I 17:04:44.424 NotebookApp] Saving file at /2_Training.ipynb
[I 17:06:44.469 NotebookApp] Saving file at /2_Training.ipynb
[I 17:08:44.405 NotebookApp] Saving file at /2_Training.ipynb
[I 17:10:44.486 NotebookApp] Saving file at /2_Training.ipynb
[I 17:12:44.374 NotebookApp] Saving file at /2_Training.ipynb
[I 17:14:44.462 NotebookApp] Saving file at /2_Training.ipynb
[I 17:16:44.523 NotebookApp] Saving file at /2_Training.ipynb
[I 17:18:44.477 NotebookApp] Saving file at /2_Training.ipynb
[I 17:20:44.380 NotebookApp] Saving file at /2_Training.ipynb
[I 17:22:44.514 NotebookApp] Saving file at /2_Training.ipynb
[I 17:24:44.488 NotebookApp] Saving file at /2_Training.ipynb
[I 17:26:44.401 NotebookApp] Saving file at /2_Training.ipynb
[I 17:28:44.400 NotebookApp] Saving file at /2_Training.ipynb
[I 17:30:44.416 NotebookApp] Saving file at /2_Training.ipynb
[I 17:32:44.483 NotebookApp] Saving file at /2_Training.ipynb
[I 17:34:44.386 NotebookApp] Saving file at /2_Training.ipynb
[I 17:36:44.413 NotebookApp] Saving file at /2_Training.ipynb
[I 17:38:44.478 NotebookApp] Saving file at /2_Training.ipynb
[I 17:40:44.514 NotebookApp] Saving file at /2_Training.ipynb
[I 17:42:44.448 NotebookApp] Saving file at /2_Training.ipynb
[I 17:44:44.500 NotebookApp] Saving file at /2_Training.ipynb
[I 17:46:44.557 NotebookApp] Saving file at /2_Training.ipynb
[I 17:48:44.527 NotebookApp] Saving file at /2_Training.ipynb
[I 17:50:44.441 NotebookApp] Saving file at /2_Training.ipynb
[I 17:52:44.505 NotebookApp] Saving file at /2_Training.ipynb
[I 17:54:44.408 NotebookApp] Saving file at /2_Training.ipynb
[I 17:56:44.386 NotebookApp] Saving file at /2_Training.ipynb
[I 17:58:44.469 NotebookApp] Saving file at /2_Training.ipynb
[I 18:00:44.485 NotebookApp] Saving file at /2_Training.ipynb
[I 18:02:44.383 NotebookApp] Saving file at /2_Training.ipynb
[I 18:04:44.433 NotebookApp] Saving file at /2_Training.ipynb
[I 18:06:44.465 NotebookApp] Saving file at /2_Training.ipynb
[I 18:08:44.509 NotebookApp] Saving file at /2_Training.ipynb
[I 18:10:44.393 NotebookApp] Saving file at /2_Training.ipynb
[I 18:12:44.509 NotebookApp] Saving file at /2_Training.ipynb
[I 18:14:44.447 NotebookApp] Saving file at /2_Training.ipynb
[I 18:16:44.405 NotebookApp] Saving file at /2_Training.ipynb
[I 18:18:44.402 NotebookApp] Saving file at /2_Training.ipynb
[I 18:20:44.511 NotebookApp] Saving file at /2_Training.ipynb
[I 18:22:44.450 NotebookApp] Saving file at /2_Training.ipynb
[I 18:24:44.542 NotebookApp] Saving file at /2_Training.ipynb
[I 18:26:44.545 NotebookApp] Saving file at /2_Training.ipynb
[I 18:28:44.456 NotebookApp] Saving file at /2_Training.ipynb
[I 18:30:44.551 NotebookApp] Saving file at /2_Training.ipynb
[I 18:32:44.453 NotebookApp] Saving file at /2_Training.ipynb
[I 18:34:44.483 NotebookApp] Saving file at /2_Training.ipynb
[I 18:36:44.410 NotebookApp] Saving file at /2_Training.ipynb
[I 18:38:44.484 NotebookApp] Saving file at /2_Training.ipynb
[I 18:40:44.501 NotebookApp] Saving file at /2_Training.ipynb
[I 18:42:44.431 NotebookApp] Saving file at /2_Training.ipynb
[I 18:44:44.442 NotebookApp] Saving file at /2_Training.ipynb
[I 18:46:44.510 NotebookApp] Saving file at /2_Training.ipynb
[I 18:48:44.547 NotebookApp] Saving file at /2_Training.ipynb
[I 18:50:44.508 NotebookApp] Saving file at /2_Training.ipynb
[I 18:52:44.416 NotebookApp] Saving file at /2_Training.ipynb
[I 18:54:44.398 NotebookApp] Saving file at /2_Training.ipynb
[I 18:56:44.478 NotebookApp] Saving file at /2_Training.ipynb
[I 18:58:44.490 NotebookApp] Saving file at /2_Training.ipynb
[I 19:00:44.400 NotebookApp] Saving file at /2_Training.ipynb
[I 19:02:44.395 NotebookApp] Saving file at /2_Training.ipynb
[I 19:04:44.434 NotebookApp] Saving file at /2_Training.ipynb
[I 19:06:44.562 NotebookApp] Saving file at /2_Training.ipynb
[I 19:08:44.528 NotebookApp] Saving file at /2_Training.ipynb
[I 19:10:44.456 NotebookApp] Saving file at /2_Training.ipynb
[I 19:12:44.660 NotebookApp] Saving file at /2_Training.ipynb
[I 19:14:44.397 NotebookApp] Saving file at /2_Training.ipynb
[I 19:16:44.407 NotebookApp] Saving file at /2_Training.ipynb
[I 19:18:44.424 NotebookApp] Saving file at /2_Training.ipynb
[I 19:20:44.480 NotebookApp] Saving file at /2_Training.ipynb
[I 19:22:44.456 NotebookApp] Saving file at /2_Training.ipynb
[I 19:24:44.405 NotebookApp] Saving file at /2_Training.ipynb
[I 19:26:44.552 NotebookApp] Saving file at /2_Training.ipynb
[I 19:28:44.397 NotebookApp] Saving file at /2_Training.ipynb
[I 19:30:44.468 NotebookApp] Saving file at /2_Training.ipynb
[I 19:32:44.448 NotebookApp] Saving file at /2_Training.ipynb
[I 19:34:44.413 NotebookApp] Saving file at /2_Training.ipynb
[I 19:36:44.394 NotebookApp] Saving file at /2_Training.ipynb
[I 19:38:44.431 NotebookApp] Saving file at /2_Training.ipynb
[I 19:40:44.467 NotebookApp] Saving file at /2_Training.ipynb
[I 19:42:44.507 NotebookApp] Saving file at /2_Training.ipynb
[I 19:44:44.429 NotebookApp] Saving file at /2_Training.ipynb
[I 19:46:44.435 NotebookApp] Saving file at /2_Training.ipynb
[I 19:48:44.489 NotebookApp] Saving file at /2_Training.ipynb
[I 19:50:44.477 NotebookApp] Saving file at /2_Training.ipynb
[I 19:52:44.419 NotebookApp] Saving file at /2_Training.ipynb
[I 19:54:44.478 NotebookApp] Saving file at /2_Training.ipynb
[I 19:56:44.480 NotebookApp] Saving file at /2_Training.ipynb
[I 19:58:44.514 NotebookApp] Saving file at /2_Training.ipynb
[I 20:00:44.413 NotebookApp] Saving file at /2_Training.ipynb
[I 20:02:44.457 NotebookApp] Saving file at /2_Training.ipynb
[I 20:04:44.441 NotebookApp] Saving file at /2_Training.ipynb
[I 20:06:44.510 NotebookApp] Saving file at /2_Training.ipynb
[I 20:08:44.460 NotebookApp] Saving file at /2_Training.ipynb
[I 20:10:44.449 NotebookApp] Saving file at /2_Training.ipynb
[I 20:12:44.500 NotebookApp] Saving file at /2_Training.ipynb
[I 20:14:44.416 NotebookApp] Saving file at /2_Training.ipynb
[I 20:16:44.597 NotebookApp] Saving file at /2_Training.ipynb
[I 20:18:44.427 NotebookApp] Saving file at /2_Training.ipynb
[I 20:20:44.512 NotebookApp] Saving file at /2_Training.ipynb
[I 20:22:44.430 NotebookApp] Saving file at /2_Training.ipynb
[I 20:24:44.445 NotebookApp] Saving file at /2_Training.ipynb
[I 20:26:44.521 NotebookApp] Saving file at /2_Training.ipynb
[I 20:28:44.508 NotebookApp] Saving file at /2_Training.ipynb
[I 20:30:44.506 NotebookApp] Saving file at /2_Training.ipynb
[I 20:32:44.448 NotebookApp] Saving file at /2_Training.ipynb
[I 20:34:44.658 NotebookApp] Saving file at /2_Training.ipynb
[I 20:36:44.580 NotebookApp] Saving file at /2_Training.ipynb
[I 20:38:44.423 NotebookApp] Saving file at /2_Training.ipynb
[I 20:40:44.429 NotebookApp] Saving file at /2_Training.ipynb
[I 20:42:44.608 NotebookApp] Saving file at /2_Training.ipynb
[I 20:44:44.452 NotebookApp] Saving file at /2_Training.ipynb
[I 20:46:44.415 NotebookApp] Saving file at /2_Training.ipynb
[I 20:48:44.571 NotebookApp] Saving file at /2_Training.ipynb
[I 20:50:44.432 NotebookApp] Saving file at /2_Training.ipynb
[I 20:52:44.412 NotebookApp] Saving file at /2_Training.ipynb
[I 20:54:44.420 NotebookApp] Saving file at /2_Training.ipynb
[I 20:56:44.494 NotebookApp] Saving file at /2_Training.ipynb
[I 20:58:44.556 NotebookApp] Saving file at /2_Training.ipynb
[I 21:00:44.537 NotebookApp] Saving file at /2_Training.ipynb
[I 21:02:44.487 NotebookApp] Saving file at /2_Training.ipynb
[I 21:04:44.553 NotebookApp] Saving file at /2_Training.ipynb
[I 21:06:44.420 NotebookApp] Saving file at /2_Training.ipynb
[I 21:08:44.484 NotebookApp] Saving file at /2_Training.ipynb
[I 21:10:44.454 NotebookApp] Saving file at /2_Training.ipynb
[I 21:12:44.509 NotebookApp] Saving file at /2_Training.ipynb
[I 21:14:44.422 NotebookApp] Saving file at /2_Training.ipynb
[I 21:16:44.521 NotebookApp] Saving file at /2_Training.ipynb
[I 21:18:44.495 NotebookApp] Saving file at /2_Training.ipynb
[I 21:20:44.530 NotebookApp] Saving file at /2_Training.ipynb
[I 21:22:44.416 NotebookApp] Saving file at /2_Training.ipynb
[I 21:24:44.457 NotebookApp] Saving file at /2_Training.ipynb
[I 21:26:44.519 NotebookApp] Saving file at /2_Training.ipynb
[I 21:28:44.562 NotebookApp] Saving file at /2_Training.ipynb
[I 21:30:44.557 NotebookApp] Saving file at /2_Training.ipynb
[I 21:32:44.417 NotebookApp] Saving file at /2_Training.ipynb
[I 21:34:44.444 NotebookApp] Saving file at /2_Training.ipynb
[I 21:36:44.548 NotebookApp] Saving file at /2_Training.ipynb
[I 21:38:44.558 NotebookApp] Saving file at /2_Training.ipynb
[I 21:40:44.484 NotebookApp] Saving file at /2_Training.ipynb
[I 21:42:44.467 NotebookApp] Saving file at /2_Training.ipynb
[I 21:44:44.532 NotebookApp] Saving file at /2_Training.ipynb
[I 21:46:44.507 NotebookApp] Saving file at /2_Training.ipynb
[I 21:48:44.428 NotebookApp] Saving file at /2_Training.ipynb
[I 21:50:44.424 NotebookApp] Saving file at /2_Training.ipynb
[I 21:52:44.471 NotebookApp] Saving file at /2_Training.ipynb
[I 21:54:44.423 NotebookApp] Saving file at /2_Training.ipynb
[I 21:56:44.433 NotebookApp] Saving file at /2_Training.ipynb
[I 21:58:44.466 NotebookApp] Saving file at /2_Training.ipynb
[I 22:00:44.478 NotebookApp] Saving file at /2_Training.ipynb
[I 22:02:44.525 NotebookApp] Saving file at /2_Training.ipynb
[I 22:04:44.474 NotebookApp] Saving file at /2_Training.ipynb
[I 22:06:44.424 NotebookApp] Saving file at /2_Training.ipynb
[I 22:08:44.432 NotebookApp] Saving file at /2_Training.ipynb
[I 22:10:44.571 NotebookApp] Saving file at /2_Training.ipynb
[I 22:12:44.458 NotebookApp] Saving file at /2_Training.ipynb
[I 22:14:44.452 NotebookApp] Saving file at /2_Training.ipynb
[I 22:16:44.430 NotebookApp] Saving file at /2_Training.ipynb
[I 22:18:44.462 NotebookApp] Saving file at /2_Training.ipynb
[I 22:20:44.589 NotebookApp] Saving file at /2_Training.ipynb
[I 22:22:45.173 NotebookApp] Saving file at /2_Training.ipynb
[I 22:24:44.581 NotebookApp] Saving file at /2_Training.ipynb
[I 22:26:44.435 NotebookApp] Saving file at /2_Training.ipynb
[I 22:28:44.518 NotebookApp] Saving file at /2_Training.ipynb
[I 22:30:44.481 NotebookApp] Saving file at /2_Training.ipynb
[I 22:32:44.685 NotebookApp] Saving file at /2_Training.ipynb
[I 22:34:44.442 NotebookApp] Saving file at /2_Training.ipynb
[I 22:36:44.599 NotebookApp] Saving file at /2_Training.ipynb
[I 22:38:44.602 NotebookApp] Saving file at /2_Training.ipynb
[I 22:40:44.474 NotebookApp] Saving file at /2_Training.ipynb
[I 22:42:44.503 NotebookApp] Saving file at /2_Training.ipynb
[I 22:44:44.467 NotebookApp] Saving file at /2_Training.ipynb
[I 22:46:44.572 NotebookApp] Saving file at /2_Training.ipynb
[I 22:48:44.470 NotebookApp] Saving file at /2_Training.ipynb
[I 22:50:44.613 NotebookApp] Saving file at /2_Training.ipynb
[I 22:52:44.482 NotebookApp] Saving file at /2_Training.ipynb
[I 22:54:44.427 NotebookApp] Saving file at /2_Training.ipynb
[I 22:56:44.545 NotebookApp] Saving file at /2_Training.ipynb
[I 22:58:44.428 NotebookApp] Saving file at /2_Training.ipynb
[I 23:00:44.612 NotebookApp] Saving file at /2_Training.ipynb
[I 23:02:44.476 NotebookApp] Saving file at /2_Training.ipynb
[I 23:04:44.469 NotebookApp] Saving file at /2_Training.ipynb
[I 23:06:44.555 NotebookApp] Saving file at /2_Training.ipynb
[I 23:08:44.519 NotebookApp] Saving file at /2_Training.ipynb
[I 23:10:44.554 NotebookApp] Saving file at /2_Training.ipynb
[I 23:12:44.596 NotebookApp] Saving file at /2_Training.ipynb
[I 23:14:44.550 NotebookApp] Saving file at /2_Training.ipynb
[I 23:16:44.433 NotebookApp] Saving file at /2_Training.ipynb
[I 23:18:44.549 NotebookApp] Saving file at /2_Training.ipynb
[I 23:20:44.509 NotebookApp] Saving file at /2_Training.ipynb
[I 23:22:44.450 NotebookApp] Saving file at /2_Training.ipynb
[I 23:24:44.427 NotebookApp] Saving file at /2_Training.ipynb
[I 23:26:44.449 NotebookApp] Saving file at /2_Training.ipynb
[I 23:28:44.779 NotebookApp] Saving file at /2_Training.ipynb
[I 23:30:44.443 NotebookApp] Saving file at /2_Training.ipynb
[I 23:32:44.610 NotebookApp] Saving file at /2_Training.ipynb
[I 23:34:44.547 NotebookApp] Saving file at /2_Training.ipynb
[I 23:36:44.473 NotebookApp] Saving file at /2_Training.ipynb
[I 23:38:44.452 NotebookApp] Saving file at /2_Training.ipynb
[I 23:40:44.578 NotebookApp] Saving file at /2_Training.ipynb
[I 23:42:44.448 NotebookApp] Saving file at /2_Training.ipynb
[I 23:44:44.481 NotebookApp] Saving file at /2_Training.ipynb
[I 23:46:44.503 NotebookApp] Saving file at /2_Training.ipynb
[I 23:48:44.471 NotebookApp] Saving file at /2_Training.ipynb
[I 23:50:44.537 NotebookApp] Saving file at /2_Training.ipynb
[I 23:52:44.608 NotebookApp] Saving file at /2_Training.ipynb
[I 23:54:44.609 NotebookApp] Saving file at /2_Training.ipynb
[I 23:56:44.512 NotebookApp] Saving file at /2_Training.ipynb
[I 23:58:44.458 NotebookApp] Saving file at /2_Training.ipynb
[I 00:00:44.531 NotebookApp] Saving file at /2_Training.ipynb
[I 00:02:44.493 NotebookApp] Saving file at /2_Training.ipynb
[I 00:04:44.504 NotebookApp] Saving file at /2_Training.ipynb
[I 00:06:44.556 NotebookApp] Saving file at /2_Training.ipynb
[I 00:08:44.549 NotebookApp] Saving file at /2_Training.ipynb
[I 00:10:44.434 NotebookApp] Saving file at /2_Training.ipynb
[I 00:12:44.455 NotebookApp] Saving file at /2_Training.ipynb
[I 00:14:44.541 NotebookApp] Saving file at /2_Training.ipynb
[I 00:16:44.439 NotebookApp] Saving file at /2_Training.ipynb
[I 00:18:44.586 NotebookApp] Saving file at /2_Training.ipynb
[I 00:20:44.458 NotebookApp] Saving file at /2_Training.ipynb
[I 00:22:44.615 NotebookApp] Saving file at /2_Training.ipynb
[I 00:24:44.485 NotebookApp] Saving file at /2_Training.ipynb
[I 00:26:44.591 NotebookApp] Saving file at /2_Training.ipynb
[I 00:28:44.566 NotebookApp] Saving file at /2_Training.ipynb
[I 00:30:44.649 NotebookApp] Saving file at /2_Training.ipynb
[I 00:32:44.590 NotebookApp] Saving file at /2_Training.ipynb
[I 00:34:44.548 NotebookApp] Saving file at /2_Training.ipynb
[I 00:36:44.484 NotebookApp] Saving file at /2_Training.ipynb
[I 00:38:44.442 NotebookApp] Saving file at /2_Training.ipynb
[I 00:40:44.510 NotebookApp] Saving file at /2_Training.ipynb
[I 00:42:44.469 NotebookApp] Saving file at /2_Training.ipynb
[I 00:44:44.697 NotebookApp] Saving file at /2_Training.ipynb
[I 00:46:44.500 NotebookApp] Saving file at /2_Training.ipynb
[I 00:48:44.498 NotebookApp] Saving file at /2_Training.ipynb
[I 00:50:44.537 NotebookApp] Saving file at /2_Training.ipynb
[I 00:52:44.557 NotebookApp] Saving file at /2_Training.ipynb
[I 00:54:44.534 NotebookApp] Saving file at /2_Training.ipynb
[I 00:56:44.444 NotebookApp] Saving file at /2_Training.ipynb
[I 00:58:44.546 NotebookApp] Saving file at /2_Training.ipynb
[I 01:00:44.488 NotebookApp] Saving file at /2_Training.ipynb
[I 01:02:44.444 NotebookApp] Saving file at /2_Training.ipynb
[I 01:04:44.483 NotebookApp] Saving file at /2_Training.ipynb
[I 01:06:44.512 NotebookApp] Saving file at /2_Training.ipynb
[I 01:08:44.481 NotebookApp] Saving file at /2_Training.ipynb
[I 01:10:44.498 NotebookApp] Saving file at /2_Training.ipynb
[I 01:12:44.499 NotebookApp] Saving file at /2_Training.ipynb
[I 01:14:44.517 NotebookApp] Saving file at /2_Training.ipynb
[I 01:16:44.634 NotebookApp] Saving file at /2_Training.ipynb
[I 01:18:44.509 NotebookApp] Saving file at /2_Training.ipynb
[I 01:20:44.468 NotebookApp] Saving file at /2_Training.ipynb
[I 01:22:44.466 NotebookApp] Saving file at /2_Training.ipynb
[I 01:24:44.538 NotebookApp] Saving file at /2_Training.ipynb
[I 01:26:44.453 NotebookApp] Saving file at /2_Training.ipynb
[I 01:28:44.461 NotebookApp] Saving file at /2_Training.ipynb
[I 01:30:44.543 NotebookApp] Saving file at /2_Training.ipynb
[I 01:32:44.593 NotebookApp] Saving file at /2_Training.ipynb
[I 01:34:44.614 NotebookApp] Saving file at /2_Training.ipynb
[I 01:36:44.491 NotebookApp] Saving file at /2_Training.ipynb
[I 01:38:44.520 NotebookApp] Saving file at /2_Training.ipynb
[I 01:40:44.596 NotebookApp] Saving file at /2_Training.ipynb
[I 01:42:44.615 NotebookApp] Saving file at /2_Training.ipynb
[I 01:44:44.541 NotebookApp] Saving file at /2_Training.ipynb
[I 01:46:44.475 NotebookApp] Saving file at /2_Training.ipynb
[I 01:48:44.540 NotebookApp] Saving file at /2_Training.ipynb
[I 01:50:44.524 NotebookApp] Saving file at /2_Training.ipynb
[I 01:52:44.472 NotebookApp] Saving file at /2_Training.ipynb
[I 01:54:44.446 NotebookApp] Saving file at /2_Training.ipynb
[W 01:58:12.432 NotebookApp] WebSocket ping timeout after 119992 ms.
[W 01:58:12.471 NotebookApp] WebSocket ping timeout after 119992 ms.
[W 01:58:12.917 NotebookApp] zmq message arrived on closed channel
[W 01:58:13.472 NotebookApp] zmq message arrived on closed channel
[W 01:58:14.010 NotebookApp] zmq message arrived on closed channel
[W 01:58:14.562 NotebookApp] zmq message arrived on closed channel
[W 01:58:15.125 NotebookApp] zmq message arrived on closed channel
[W 01:58:15.668 NotebookApp] zmq message arrived on closed channel
[W 01:58:16.198 NotebookApp] zmq message arrived on closed channel
[W 01:58:17.119 NotebookApp] zmq message arrived on closed channel
[I 01:58:17.435 NotebookApp] Starting buffering for 9dcce674-2ecc-4cb0-bc20-ab144ea74731:f3b0451d247f4ac98b4dfb5bba793cfb
[I 01:58:17.473 NotebookApp] Starting buffering for 319e0c04-5a77-4840-9b1b-877e87145ec6:4327656ecc2840ff87b0c3307443c551
[I 14:06:19.397 NotebookApp] Saving file at /2_Training.ipynb
[I 14:06:33.578 NotebookApp] Adapting to protocol v5.1 for kernel 319e0c04-5a77-4840-9b1b-877e87145ec6
[I 14:06:33.579 NotebookApp] Restoring connection for 319e0c04-5a77-4840-9b1b-877e87145ec6:4327656ecc2840ff87b0c3307443c551
[I 14:06:33.580 NotebookApp] Replaying 65359 buffered messages
[W 14:06:34.803 NotebookApp] IOPub message rate exceeded.
    The notebook server will temporarily stop sending output
    to the client in order to avoid crashing it.
    To change this limit, set the config variable
    `--NotebookApp.iopub_msg_rate_limit`.
    
    Current values:
    NotebookApp.iopub_msg_rate_limit=1000.0 (msgs/sec)
    NotebookApp.rate_limit_window=3.0 (secs)
    
[W 14:06:36.867 NotebookApp] iopub messages resumed
[W 14:06:38.134 NotebookApp] IOPub message rate exceeded.
    The notebook server will temporarily stop sending output
    to the client in order to avoid crashing it.
    To change this limit, set the config variable
    `--NotebookApp.iopub_msg_rate_limit`.
    
    Current values:
    NotebookApp.iopub_msg_rate_limit=1000.0 (msgs/sec)
    NotebookApp.rate_limit_window=3.0 (secs)
    
[W 14:06:40.209 NotebookApp] iopub messages resumed
[W 14:06:41.374 NotebookApp] IOPub message rate exceeded.
    The notebook server will temporarily stop sending output
    to the client in order to avoid crashing it.
    To change this limit, set the config variable
    `--NotebookApp.iopub_msg_rate_limit`.
    
    Current values:
    NotebookApp.iopub_msg_rate_limit=1000.0 (msgs/sec)
    NotebookApp.rate_limit_window=3.0 (secs)
    
[W 14:06:43.444 NotebookApp] iopub messages resumed
[W 14:06:44.709 NotebookApp] IOPub message rate exceeded.
    The notebook server will temporarily stop sending output
    to the client in order to avoid crashing it.
    To change this limit, set the config variable
    `--NotebookApp.iopub_msg_rate_limit`.
    
    Current values:
    NotebookApp.iopub_msg_rate_limit=1000.0 (msgs/sec)
    NotebookApp.rate_limit_window=3.0 (secs)
    
[W 14:06:46.676 NotebookApp] iopub messages resumed
[W 14:06:47.843 NotebookApp] IOPub message rate exceeded.
    The notebook server will temporarily stop sending output
    to the client in order to avoid crashing it.
    To change this limit, set the config variable
    `--NotebookApp.iopub_msg_rate_limit`.
    
    Current values:
    NotebookApp.iopub_msg_rate_limit=1000.0 (msgs/sec)
    NotebookApp.rate_limit_window=3.0 (secs)
    
[W 14:06:49.909 NotebookApp] iopub messages resumed
[W 14:06:51.201 NotebookApp] IOPub message rate exceeded.
    The notebook server will temporarily stop sending output
    to the client in order to avoid crashing it.
    To change this limit, set the config variable
    `--NotebookApp.iopub_msg_rate_limit`.
    
    Current values:
    NotebookApp.iopub_msg_rate_limit=1000.0 (msgs/sec)
    NotebookApp.rate_limit_window=3.0 (secs)
    
[W 14:06:53.143 NotebookApp] iopub messages resumed
[W 14:06:54.302 NotebookApp] IOPub message rate exceeded.
    The notebook server will temporarily stop sending output
    to the client in order to avoid crashing it.
    To change this limit, set the config variable
    `--NotebookApp.iopub_msg_rate_limit`.
    
    Current values:
    NotebookApp.iopub_msg_rate_limit=1000.0 (msgs/sec)
    NotebookApp.rate_limit_window=3.0 (secs)
    
[I 14:07:57.203 NotebookApp] Adapting to protocol v5.1 for kernel 9dcce674-2ecc-4cb0-bc20-ab144ea74731
[I 14:07:57.204 NotebookApp] Restoring connection for 9dcce674-2ecc-4cb0-bc20-ab144ea74731:f3b0451d247f4ac98b4dfb5bba793cfb
[I 14:08:02.949 NotebookApp] Saving file at /3_Inference.ipynb
[I 14:08:03.033 NotebookApp] Saving file at /2_Training.ipynb
[I 14:10:02.421 NotebookApp] Saving file at /3_Inference.ipynb
[W 14:12:27.206 NotebookApp] WebSocket ping timeout after 119992 ms.
[I 14:12:32.208 NotebookApp] Starting buffering for 9dcce674-2ecc-4cb0-bc20-ab144ea74731:f3b0451d247f4ac98b4dfb5bba793cfb
[W 14:12:33.580 NotebookApp] WebSocket ping timeout after 119991 ms.
[I 14:12:38.582 NotebookApp] Starting buffering for 319e0c04-5a77-4840-9b1b-877e87145ec6:4327656ecc2840ff87b0c3307443c551
[W 09:48:36.033 NotebookApp] Notebook 4_Zip Your Project Files and Submit.ipynb is not trusted
[I 09:48:36.455 NotebookApp] Kernel started: 3b581963-dc99-43b2-b81a-0e2971d0f5c7
[I 09:48:36.548 NotebookApp] 302 GET /notebooks/images/download_ex.png (127.0.0.1) 2.63ms
[I 09:48:37.612 NotebookApp] Adapting to protocol v5.1 for kernel 3b581963-dc99-43b2-b81a-0e2971d0f5c7
[I 09:50:36.765 NotebookApp] Saving file at /4_Zip Your Project Files and Submit.ipynb
[I 10:07:44.357 NotebookApp] Starting buffering for 3b581963-dc99-43b2-b81a-0e2971d0f5c7:ce614567a701493e9434a1889a1b83c2
